[ 2018-12-02T00:24:33+08:00 ] 127.0.0.1 /teamcenter/
INFO: [ app_init ] --START--
INFO: Run Behavior\BuildLiteBehavior [ RunTime:0.000013s ]
INFO: [ app_init ] --END-- [ RunTime:0.017793s ]
INFO: [ app_begin ] --START--
INFO: Run Behavior\ReadHtmlCacheBehavior [ RunTime:0.019824s ]
INFO: [ app_begin ] --END-- [ RunTime:0.019884s ]
NOTIC: [2] mysqli::mysqli(): (HY000/1049): Unknown database 'ahgfrx' D:\phpStudy\PHPTutorial\WWW\TeamCenter\ThinkPHP\Library\Think\Db\Driver\Mysqli.class.php 第 44 行.
ERR: Unknown database 'ahgfrx'

[ 2018-12-02T12:50:47+08:00 ] 127.0.0.1 /teamcenter/
INFO: [ app_init ] --START--
INFO: Run Behavior\BuildLiteBehavior [ RunTime:0.000026s ]
INFO: [ app_init ] --END-- [ RunTime:0.056819s ]
INFO: [ app_begin ] --START--
INFO: Run Behavior\ReadHtmlCacheBehavior [ RunTime:0.056412s ]
INFO: [ app_begin ] --END-- [ RunTime:0.056601s ]
NOTIC: [2] mysqli::mysqli(): (HY000/1049): Unknown database 'ahgfrx' D:\phpStudy\PHPTutorial\WWW\TeamCenter\ThinkPHP\Library\Think\Db\Driver\Mysqli.class.php 第 44 行.
ERR: Unknown database 'ahgfrx'

[ 2018-12-02T12:52:09+08:00 ] 127.0.0.1 /teamcenter/
INFO: [ app_init ] --START--
INFO: Run Behavior\BuildLiteBehavior [ RunTime:0.000036s ]
INFO: [ app_init ] --END-- [ RunTime:0.001498s ]
INFO: [ app_begin ] --START--
INFO: Run Behavior\ReadHtmlCacheBehavior [ RunTime:0.003535s ]
INFO: [ app_begin ] --END-- [ RunTime:0.003709s ]
SQL: SHOW COLUMNS FROM `ahgfrx_inform` [ RunTime:0.018268s ]
ERR: 1146:Table 'ahgfrx.ahgfrx_inform' doesn't exist
 [ SQL语句 ] : SHOW COLUMNS FROM `ahgfrx_inform`
SQL: SHOW COLUMNS FROM `ahgfrx_project` [ RunTime:0.009605s ]
ERR: 1146:Table 'ahgfrx.ahgfrx_project' doesn't exist
 [ SQL语句 ] : SHOW COLUMNS FROM `ahgfrx_project`
SQL: SELECT * FROM `ahgfrx_project` WHERE ( uid=%d )  [ RunTime:0.000386s ]
ERR: 1064:You have an error in your SQL syntax; check the manual that corresponds to your MySQL server version for the right syntax to use near '%d )' at line 1
 [ SQL语句 ] : SELECT * FROM `ahgfrx_project` WHERE ( uid=%d ) 
SQL: SHOW COLUMNS FROM `ahgfrx_project_member` [ RunTime:0.009785s ]
ERR: 1146:Table 'ahgfrx.ahgfrx_project_member' doesn't exist
 [ SQL语句 ] : SHOW COLUMNS FROM `ahgfrx_project_member`
SQL: SELECT * FROM `ahgfrx_project_member` WHERE ( uid=%d )  [ RunTime:0.000407s ]
ERR: 1064:You have an error in your SQL syntax; check the manual that corresponds to your MySQL server version for the right syntax to use near '%d )' at line 1
 [ SQL语句 ] : SELECT * FROM `ahgfrx_project_member` WHERE ( uid=%d ) 
SQL: SELECT * FROM `ahgfrx_project_member` WHERE ( uid=%d AND admin=1 )  [ RunTime:0.000366s ]
ERR: 1064:You have an error in your SQL syntax; check the manual that corresponds to your MySQL server version for the right syntax to use near '%d AND admin=1 )' at line 1
 [ SQL语句 ] : SELECT * FROM `ahgfrx_project_member` WHERE ( uid=%d AND admin=1 ) 
DEBUG: (class_id = 1)
SQL: SELECT * FROM `ahgfrx_inform` WHERE ( (class_id = 1) ) ORDER BY cid desc LIMIT 0,30   [ RunTime:0.000862s ]
ERR: 1146:Table 'ahgfrx.ahgfrx_inform' doesn't exist
 [ SQL语句 ] : SELECT * FROM `ahgfrx_inform` WHERE ( (class_id = 1) ) ORDER BY cid desc LIMIT 0,30  
SQL: SELECT COUNT(*) AS tp_count FROM `ahgfrx_inform` WHERE ( (class_id = 1) ) LIMIT 1   [ RunTime:0.000832s ]
ERR: 1146:Table 'ahgfrx.ahgfrx_inform' doesn't exist
 [ SQL语句 ] : SELECT COUNT(*) AS tp_count FROM `ahgfrx_inform` WHERE ( (class_id = 1) ) LIMIT 1  
SQL: SHOW COLUMNS FROM `ahgfrx_user` [ RunTime:0.009946s ]
ERR: 1146:Table 'ahgfrx.ahgfrx_user' doesn't exist
 [ SQL语句 ] : SHOW COLUMNS FROM `ahgfrx_user`
SQL: SELECT `admin` FROM `ahgfrx_user` WHERE ( uid=%d ) LIMIT 1   [ RunTime:0.000393s ]
ERR: 1064:You have an error in your SQL syntax; check the manual that corresponds to your MySQL server version for the right syntax to use near '%d ) LIMIT 1' at line 1
 [ SQL语句 ] : SELECT `admin` FROM `ahgfrx_user` WHERE ( uid=%d ) LIMIT 1  
INFO: [ view_parse ] --START--
INFO: [ template_filter ] --START--
INFO: Run Behavior\ContentReplaceBehavior [ RunTime:0.000220s ]
INFO: [ template_filter ] --END-- [ RunTime:0.000344s ]
NOTIC: [8] Undefined variable: inform_count D:\phpStudy\PHPTutorial\WWW\TeamCenter\Application\Runtime\Cache\Home\5f8cd486e46ca9e27770556a0e5e75a8.php 第 123 行.
NOTIC: [8] Undefined variable: inform_count D:\phpStudy\PHPTutorial\WWW\TeamCenter\Application\Runtime\Cache\Home\5f8cd486e46ca9e27770556a0e5e75a8.php 第 123 行.
INFO: Run Behavior\ParseTemplateBehavior [ RunTime:0.679536s ]
INFO: [ view_parse ] --END-- [ RunTime:0.679644s ]
INFO: [ view_filter ] --START--
INFO: Run Behavior\WriteHtmlCacheBehavior [ RunTime:0.048910s ]
INFO: [ view_filter ] --END-- [ RunTime:0.049022s ]
INFO: [ app_end ] --START--
INFO: Run Behavior\ShowPageTraceBehavior [ RunTime:0.031529s ]
INFO: [ app_end ] --END-- [ RunTime:0.031645s ]

[ 2018-12-02T12:52:18+08:00 ] 127.0.0.1 /teamcenter/
INFO: [ app_init ] --START--
INFO: Run Behavior\BuildLiteBehavior [ RunTime:0.000014s ]
INFO: [ app_init ] --END-- [ RunTime:0.000526s ]
INFO: [ app_begin ] --START--
INFO: Run Behavior\ReadHtmlCacheBehavior [ RunTime:0.001222s ]
INFO: [ app_begin ] --END-- [ RunTime:0.001283s ]
SQL: SHOW COLUMNS FROM `ahgfrx_inform` [ RunTime:0.015329s ]
ERR: 1146:Table 'ahgfrx.ahgfrx_inform' doesn't exist
 [ SQL语句 ] : SHOW COLUMNS FROM `ahgfrx_inform`
SQL: SHOW COLUMNS FROM `ahgfrx_project` [ RunTime:0.010228s ]
ERR: 1146:Table 'ahgfrx.ahgfrx_project' doesn't exist
 [ SQL语句 ] : SHOW COLUMNS FROM `ahgfrx_project`
SQL: SELECT * FROM `ahgfrx_project` WHERE ( uid=%d )  [ RunTime:0.000435s ]
ERR: 1064:You have an error in your SQL syntax; check the manual that corresponds to your MySQL server version for the right syntax to use near '%d )' at line 1
 [ SQL语句 ] : SELECT * FROM `ahgfrx_project` WHERE ( uid=%d ) 
SQL: SHOW COLUMNS FROM `ahgfrx_project_member` [ RunTime:0.014284s ]
ERR: 1146:Table 'ahgfrx.ahgfrx_project_member' doesn't exist
 [ SQL语句 ] : SHOW COLUMNS FROM `ahgfrx_project_member`
SQL: SELECT * FROM `ahgfrx_project_member` WHERE ( uid=%d )  [ RunTime:0.000579s ]
ERR: 1064:You have an error in your SQL syntax; check the manual that corresponds to your MySQL server version for the right syntax to use near '%d )' at line 1
 [ SQL语句 ] : SELECT * FROM `ahgfrx_project_member` WHERE ( uid=%d ) 
SQL: SELECT * FROM `ahgfrx_project_member` WHERE ( uid=%d AND admin=1 )  [ RunTime:0.000519s ]
ERR: 1064:You have an error in your SQL syntax; check the manual that corresponds to your MySQL server version for the right syntax to use near '%d AND admin=1 )' at line 1
 [ SQL语句 ] : SELECT * FROM `ahgfrx_project_member` WHERE ( uid=%d AND admin=1 ) 
DEBUG: (class_id = 1)
SQL: SELECT * FROM `ahgfrx_inform` WHERE ( (class_id = 1) ) ORDER BY cid desc LIMIT 0,30   [ RunTime:0.001237s ]
ERR: 1146:Table 'ahgfrx.ahgfrx_inform' doesn't exist
 [ SQL语句 ] : SELECT * FROM `ahgfrx_inform` WHERE ( (class_id = 1) ) ORDER BY cid desc LIMIT 0,30  
SQL: SELECT COUNT(*) AS tp_count FROM `ahgfrx_inform` WHERE ( (class_id = 1) ) LIMIT 1   [ RunTime:0.001277s ]
ERR: 1146:Table 'ahgfrx.ahgfrx_inform' doesn't exist
 [ SQL语句 ] : SELECT COUNT(*) AS tp_count FROM `ahgfrx_inform` WHERE ( (class_id = 1) ) LIMIT 1  
SQL: SHOW COLUMNS FROM `ahgfrx_user` [ RunTime:0.015924s ]
ERR: 1146:Table 'ahgfrx.ahgfrx_user' doesn't exist
 [ SQL语句 ] : SHOW COLUMNS FROM `ahgfrx_user`
SQL: SELECT `admin` FROM `ahgfrx_user` WHERE ( uid=%d ) LIMIT 1   [ RunTime:0.000590s ]
ERR: 1064:You have an error in your SQL syntax; check the manual that corresponds to your MySQL server version for the right syntax to use near '%d ) LIMIT 1' at line 1
 [ SQL语句 ] : SELECT `admin` FROM `ahgfrx_user` WHERE ( uid=%d ) LIMIT 1  
INFO: [ view_parse ] --START--
INFO: [ template_filter ] --START--
INFO: Run Behavior\ContentReplaceBehavior [ RunTime:0.000226s ]
INFO: [ template_filter ] --END-- [ RunTime:0.000346s ]
NOTIC: [8] Undefined variable: inform_count D:\phpStudy\PHPTutorial\WWW\TeamCenter\Application\Runtime\Cache\Home\5f8cd486e46ca9e27770556a0e5e75a8.php 第 123 行.
NOTIC: [8] Undefined variable: inform_count D:\phpStudy\PHPTutorial\WWW\TeamCenter\Application\Runtime\Cache\Home\5f8cd486e46ca9e27770556a0e5e75a8.php 第 123 行.
INFO: Run Behavior\ParseTemplateBehavior [ RunTime:0.276926s ]
INFO: [ view_parse ] --END-- [ RunTime:0.277057s ]
INFO: [ view_filter ] --START--
INFO: Run Behavior\WriteHtmlCacheBehavior [ RunTime:0.001652s ]
INFO: [ view_filter ] --END-- [ RunTime:0.001716s ]
INFO: [ app_end ] --START--
INFO: Run Behavior\ShowPageTraceBehavior [ RunTime:0.002231s ]
INFO: [ app_end ] --END-- [ RunTime:0.002299s ]

